Server started at http://localhost:3001
{
  tripName: 'Goa',
  startDateOfJourney: '2025-11-04',
  endDateOfJourney: '2025-11-12',
  nameOfHotels: 'Thallasa',
  placesVisited: 'Arambol, ',
  totalCost: '75000',
  experience: 'testing the experience',
  image: '',
  tripType: 'leisure',
  featured: false,
  shortDescription: 'testing'
}
{
  tripName: 'Goa',
  startDateOfJourney: '2025-11-04',
  endDateOfJourney: '2025-11-12',
  nameOfHotels: 'Thallasa',
  placesVisited: 'Arambol, ',
  totalCost: '75000',
  experience: 'testing the experience',
  image: '',
  tripType: 'leisure',
  featured: false,
  shortDescription: 'testing'
}
{
  tripName: 'Goa',
  startDateOfJourney: '2025-11-04',
  endDateOfJourney: '2025-11-12',
  nameOfHotels: 'Thallasa',
  placesVisited: 'Arambol, ',
  totalCost: '75000',
  experience: 'testing the experience',
  image: '',
  tripType: 'leisure',
  featured: false,
  shortDescription: 'testing'
}
{
  tripName: 'Goa',
  startDateOfJourney: '2025-11-04',
  endDateOfJourney: '2025-11-12',
  nameOfHotels: 'Thallasa',
  placesVisited: 'Arambol, ',
  totalCost: '75000',
  experience: 'testing the experience',
  image: '',
  tripType: 'leisure',
  featured: false,
  shortDescription: 'testing'
}
{
  tripName: 'Goa',
  startDateOfJourney: '2025-11-04',
  endDateOfJourney: '2025-11-12',
  nameOfHotels: 'Thallasa',
  placesVisited: 'Arambol, ',
  totalCost: '75000',
  experience: 'testing the experience',
  image: '',
  tripType: 'leisure',
  featured: false,
  shortDescription: 'testing'
}
Server started at http://localhost:3001
Server started at http://localhost:3001
Server started at http://localhost:3001
ERROR
ERROR
node:events:497
      throw er; // Unhandled 'error' event
      ^

Error: listen EADDRINUSE: address already in use :::3001
    at Server.setupListenHandle [as _listen2] (node:net:1940:16)
    at listenInCluster (node:net:1997:12)
    at Server.listen (node:net:2102:7)
    at Function.listen (/home/ubuntu/TravelMemory/backend/node_modules/express/lib/application.js:635:24)
    at Object.<anonymous> (/home/ubuntu/TravelMemory/backend/index.js:19:5)
    at Module._compile (node:internal/modules/cjs/loader:1706:14)
    at Object..js (node:internal/modules/cjs/loader:1839:10)
    at Module.load (node:internal/modules/cjs/loader:1441:32)
    at Function._load (node:internal/modules/cjs/loader:1263:12)
    at TracingChannel.traceSync (node:diagnostics_channel:328:14)
Emitted 'error' event on Server instance at:
    at emitErrorNT (node:net:1976:8)
    at process.processTicksAndRejections (node:internal/process/task_queues:90:21) {
  code: 'EADDRINUSE',
  errno: -98,
  syscall: 'listen',
  address: '::',
  port: 3001
}

Node.js v22.21.0
ERROR
node:events:497
      throw er; // Unhandled 'error' event
      ^

Error: listen EADDRINUSE: address already in use :::3001
    at Server.setupListenHandle [as _listen2] (node:net:1940:16)
    at listenInCluster (node:net:1997:12)
    at Server.listen (node:net:2102:7)
    at Function.listen (/home/ubuntu/TravelMemory/backend/node_modules/express/lib/application.js:635:24)
    at Object.<anonymous> (/home/ubuntu/TravelMemory/backend/index.js:19:5)
    at Module._compile (node:internal/modules/cjs/loader:1706:14)
    at Object..js (node:internal/modules/cjs/loader:1839:10)
    at Module.load (node:internal/modules/cjs/loader:1441:32)
    at Function._load (node:internal/modules/cjs/loader:1263:12)
    at TracingChannel.traceSync (node:diagnostics_channel:328:14)
Emitted 'error' event on Server instance at:
    at emitErrorNT (node:net:1976:8)
    at process.processTicksAndRejections (node:internal/process/task_queues:90:21) {
  code: 'EADDRINUSE',
  errno: -98,
  syscall: 'listen',
  address: '::',
  port: 3001
}

Node.js v22.21.0
ERROR
Server started at http://localhost:3001
{
  tripName: 'my test trip',
  startDateOfJourney: '2025-11-10',
  endDateOfJourney: '2025-11-21',
  nameOfHotels: 'badiya hotel',
  placesVisited: 'Indore',
  totalCost: '00703434',
  experience: 'bas chal jaye iss baar',
  image: '',
  tripType: 'leisure',
  featured: false,
  shortDescription: 'badhiya testing'
}
{
  tripName: 'my test trip',
  startDateOfJourney: '2025-11-10',
  endDateOfJourney: '2025-11-21',
  nameOfHotels: 'badiya hotel',
  placesVisited: 'Indore',
  totalCost: '00703434',
  experience: 'bas chal jaye iss baar',
  image: '',
  tripType: 'leisure',
  featured: false,
  shortDescription: 'badhiya testing'
}
Server started at http://localhost:3001
Server started at http://localhost:3001
